<?xml version="1.0" encoding="UTF-8"?>
<!-- Generated by org.testng.reporters.JUnitReportReporter -->
<testsuite hostname="DESKTOP-7BEI7P6" failures="0" tests="1" name="com.openCart.testCases.TC_002_LoginTest" time="1.785" errors="0" timestamp="2023-09-08T09:11:42 GMT-05:00" skipped="0">
  <testcase classname="com.openCart.testCases.TC_002_LoginTest" name="test_login" time="1.785"/>
</testsuite> <!-- com.openCart.testCases.TC_002_LoginTest -->
