<?xml version="1.0" encoding="UTF-8"?>
<!-- Generated by org.testng.reporters.JUnitReportReporter -->
<testsuite hostname="DESKTOP-7BEI7P6" failures="0" tests="1" name="com.openCart.testCases.TC_001_AccountRegistrationTest" time="4.722" errors="0" timestamp="2023-09-12T02:05:12 GMT-05:00" skipped="0">
  <testcase classname="com.openCart.testCases.TC_001_AccountRegistrationTest" name="test_account_Registration" time="4.722"/>
</testsuite> <!-- com.openCart.testCases.TC_001_AccountRegistrationTest -->
